<?xml version="1.0" encoding="UTF-8"?>
<!-- Generated by org.testng.reporters.JUnitXMLReporter -->
<testsuite ignored="0" hostname="LAPTOP-RME7440E" failures="1" tests="1" name="edge scripts" time="1.025" errors="0" timestamp="2023-07-29T20:57:49 EDT">
  <testcase classname="com.envision.orangehrmtestrunner.OrangeHrm_EmployeePortal_TestRunner" name="VerifyingTheLoginCredentialsIsAvailability" time="0.98">
    <failure type="org.testng.internal.reflect.MethodMatcherException" message="
[public void com.envision.orangehrmtestrunner.OrangeHrm_EmployeePortal_TestRunner.VerifyingTheLoginCredentialsIsAvailability(java.lang.String,java.lang.String)] has no parameters defined but was found to be using a data provider (either explicitly specified or inherited from class level annotation).
Data provider mismatch
Method: VerifyingTheLoginCredentialsIsAvailability([java.lang.String arg0, java.lang.String arg1])
Arguments: [([Ljava.lang.String;) [Username : Admin, Password : admin123]]">
      <![CDATA[org.testng.internal.reflect.MethodMatcherException: 
[public void com.envision.orangehrmtestrunner.OrangeHrm_EmployeePortal_TestRunner.VerifyingTheLoginCredentialsIsAvailability(java.lang.String,java.lang.String)] has no parameters defined but was found to be using a data provider (either explicitly specified or inherited from class level annotation).
Data provider mismatch
Method: VerifyingTheLoginCredentialsIsAvailability([java.lang.String arg0, java.lang.String arg1])
Arguments: [([Ljava.lang.String;) [Username : Admin, Password : admin123]]
at java.base/java.util.ArrayList.forEach(ArrayList.java:1511)
at com.intellij.rt.testng.IDEARemoteTestNG.run(IDEARemoteTestNG.java:66)
at com.intellij.rt.testng.RemoteTestNGStarter.main(RemoteTestNGStarter.java:105)
... Removed 19 stack frames]]>
    </failure>
  </testcase> <!-- VerifyingTheLoginCredentialsIsAvailability -->
</testsuite> <!-- edge scripts -->
